# JRE version: OpenJDK Runtime Environment (8.0_45-b14) (build 1.8.0_45-b14)
# Java VM: OpenJDK 64-Bit Server VM (25.45-b02 mixed mode linux-amd64 compressed oops)
Heap:
 PSYoungGen      total 613888K, used 560417K [0x00000000d7000000, 0x00000000ff880000, 0x0000000100000000)
  eden space 573952K, 95% used [0x00000000d7000000,0x00000000f87f2280,0x00000000fa080000)
  from space 39936K, 29% used [0x00000000fd180000,0x00000000fdcd6268,0x00000000ff880000)
  to   space 45056K, 0% used [0x00000000fa080000,0x00000000fa080000,0x00000000fcc80000)
 ParOldGen       total 225792K, used 153748K [0x0000000085000000, 0x0000000092c80000, 0x00000000d7000000)
  object space 225792K, 68% used [0x0000000085000000,0x000000008e6251e0,0x0000000092c80000)
 Metaspace       used 21743K, capacity 22090K, committed 22400K, reserved 1069056K
  class space    used 2273K, capacity 2361K, committed 2432K, reserved 1048576K
GC Heap History (10 events):
Event: 12,845 GC heap before
{Heap before GC invocations=19 (full 1):
 PSYoungGen      total 596992K, used 543068K [0x00000000d7000000, 0x00000000fff00000, 0x0000000100000000)
  eden space 531968K, 100% used [0x00000000d7000000,0x00000000f7780000,0x00000000f7780000)
  from space 65024K, 17% used [0x00000000f7780000,0x00000000f82570f0,0x00000000fb700000)
  to   space 61440K, 0% used [0x00000000fc300000,0x00000000fc300000,0x00000000fff00000)
 ParOldGen       total 225792K, used 147784K [0x0000000085000000, 0x0000000092c80000, 0x00000000d7000000)
  object space 225792K, 65% used [0x0000000085000000,0x000000008e052060,0x0000000092c80000)
 Metaspace       used 21338K, capacity 21674K, committed 22144K, reserved 1069056K
  class space    used 2258K, capacity 2329K, committed 2432K, reserved 1048576K
Event: 12,858 GC heap after
Heap after GC invocations=19 (full 1):
 PSYoungGen      total 594944K, used 15170K [0x00000000d7000000, 0x00000000ff380000, 0x0000000100000000)
  eden space 545280K, 0% used [0x00000000d7000000,0x00000000d7000000,0x00000000f8480000)
  from space 49664K, 30% used [0x00000000fc300000,0x00000000fd1d0870,0x00000000ff380000)
  to   space 56832K, 0% used [0x00000000f8480000,0x00000000f8480000,0x00000000fbc00000)
 ParOldGen       total 225792K, used 147792K [0x0000000085000000, 0x0000000092c80000, 0x00000000d7000000)
  object space 225792K, 65% used [0x0000000085000000,0x000000008e054060,0x0000000092c80000)
 Metaspace       used 21338K, capacity 21674K, committed 22144K, reserved 1069056K
  class space    used 2258K, capacity 2329K, committed 2432K, reserved 1048576K
}
Event: 14,487 GC heap before
{Heap before GC invocations=20 (full 1):
 PSYoungGen      total 594944K, used 560450K [0x00000000d7000000, 0x00000000ff380000, 0x0000000100000000)
  eden space 545280K, 100% used [0x00000000d7000000,0x00000000f8480000,0x00000000f8480000)
  from space 49664K, 30% used [0x00000000fc300000,0x00000000fd1d0870,0x00000000ff380000)
  to   space 56832K, 0% used [0x00000000f8480000,0x00000000f8480000,0x00000000fbc00000)
 ParOldGen       total 225792K, used 147792K [0x0000000085000000, 0x0000000092c80000, 0x00000000d7000000)
  object space 225792K, 65% used [0x0000000085000000,0x000000008e054060,0x0000000092c80000)
 Metaspace       used 21526K, capacity 21866K, committed 22144K, reserved 1069056K
  class space    used 2259K, capacity 2329K, committed 2432K, reserved 1048576K
Event: 14,514 GC heap after
Heap after GC invocations=20 (full 1):
 PSYoungGen      total 602112K, used 17902K [0x00000000d7000000, 0x0000000100000000, 0x0000000100000000)
  eden space 545280K, 0% used [0x00000000d7000000,0x00000000d7000000,0x00000000f8480000)
  from space 56832K, 31% used [0x00000000f8480000,0x00000000f95fb920,0x00000000fbc00000)
  to   space 53760K, 0% used [0x00000000fcb80000,0x00000000fcb80000,0x0000000100000000)
 ParOldGen       total 225792K, used 147800K [0x0000000085000000, 0x0000000092c80000, 0x00000000d7000000)
  object space 225792K, 65% used [0x0000000085000000,0x000000008e056060,0x0000000092c80000)
 Metaspace       used 21526K, capacity 21866K, committed 22144K, reserved 1069056K
  class space    used 2259K, capacity 2329K, committed 2432K, reserved 1048576K
}
Event: 15,109 GC heap before
{Heap before GC invocations=21 (full 1):
 PSYoungGen      total 602112K, used 563182K [0x00000000d7000000, 0x0000000100000000, 0x0000000100000000)
  eden space 545280K, 100% used [0x00000000d7000000,0x00000000f8480000,0x00000000f8480000)
  from space 56832K, 31% used [0x00000000f8480000,0x00000000f95fb920,0x00000000fbc00000)
  to   space 53760K, 0% used [0x00000000fcb80000,0x00000000fcb80000,0x0000000100000000)
 ParOldGen       total 225792K, used 147800K [0x0000000085000000, 0x0000000092c80000, 0x00000000d7000000)
  object space 225792K, 65% used [0x0000000085000000,0x000000008e056060,0x0000000092c80000)
 Metaspace       used 21596K, capacity 21930K, committed 22400K, reserved 1069056K
  class space    used 2259K, capacity 2329K, committed 2432K, reserved 1048576K
Event: 15,130 GC heap after
Heap after GC invocations=21 (full 1):
 PSYoungGen      total 604672K, used 17588K [0x00000000d7000000, 0x00000000ff600000, 0x0000000100000000)
  eden space 561152K, 0% used [0x00000000d7000000,0x00000000d7000000,0x00000000f9400000)
  from space 43520K, 40% used [0x00000000fcb80000,0x00000000fdcad1b0,0x00000000ff600000)
  to   space 50176K, 0% used [0x00000000f9400000,0x00000000f9400000,0x00000000fc500000)
 ParOldGen       total 225792K, used 147808K [0x0000000085000000, 0x0000000092c80000, 0x00000000d7000000)
  object space 225792K, 65% used [0x0000000085000000,0x000000008e058060,0x0000000092c80000)
 Metaspace       used 21596K, capacity 21930K, committed 22400K, reserved 1069056K
  class space    used 2259K, capacity 2329K, committed 2432K, reserved 1048576K
}
Event: 15,566 GC heap before
{Heap before GC invocations=22 (full 1):
 PSYoungGen      total 604672K, used 578740K [0x00000000d7000000, 0x00000000ff600000, 0x0000000100000000)
  eden space 561152K, 100% used [0x00000000d7000000,0x00000000f9400000,0x00000000f9400000)
  from space 43520K, 40% used [0x00000000fcb80000,0x00000000fdcad1b0,0x00000000ff600000)
  to   space 50176K, 0% used [0x00000000f9400000,0x00000000f9400000,0x00000000fc500000)
 ParOldGen       total 225792K, used 147808K [0x0000000085000000, 0x0000000092c80000, 0x00000000d7000000)
  object space 225792K, 65% used [0x0000000085000000,0x000000008e058060,0x0000000092c80000)
 Metaspace       used 21599K, capacity 21930K, committed 22400K, reserved 1069056K
  class space    used 2259K, capacity 2329K, committed 2432K, reserved 1048576K
Event: 15,584 GC heap after
Heap after GC invocations=22 (full 1):
 PSYoungGen      total 611328K, used 17597K [0x00000000d7000000, 0x0000000100000000, 0x0000000100000000)
  eden space 561152K, 0% used [0x00000000d7000000,0x00000000d7000000,0x00000000f9400000)
  from space 50176K, 35% used [0x00000000f9400000,0x00000000fa52f6f0,0x00000000fc500000)
  to   space 47616K, 0% used [0x00000000fd180000,0x00000000fd180000,0x0000000100000000)
 ParOldGen       total 225792K, used 147808K [0x0000000085000000, 0x0000000092c80000, 0x00000000d7000000)
  object space 225792K, 65% used [0x0000000085000000,0x000000008e058060,0x0000000092c80000)
 Metaspace       used 21599K, capacity 21930K, committed 22400K, reserved 1069056K
  class space    used 2259K, capacity 2329K, committed 2432K, reserved 1048576K
}
Event: 15,926 GC heap before
{Heap before GC invocations=23 (full 1):
 PSYoungGen      total 611328K, used 578749K [0x00000000d7000000, 0x0000000100000000, 0x0000000100000000)
  eden space 561152K, 100% used [0x00000000d7000000,0x00000000f9400000,0x00000000f9400000)
  from space 50176K, 35% used [0x00000000f9400000,0x00000000fa52f6f0,0x00000000fc500000)
  to   space 47616K, 0% used [0x00000000fd180000,0x00000000fd180000,0x0000000100000000)
 ParOldGen       total 225792K, used 147808K [0x0000000085000000, 0x0000000092c80000, 0x00000000d7000000)
  object space 225792K, 65% used [0x0000000085000000,0x000000008e058060,0x0000000092c80000)
 Metaspace       used 21599K, capacity 21930K, committed 22400K, reserved 1069056K
  class space    used 2259K, capacity 2329K, committed 2432K, reserved 1048576K
Event: 15,943 GC heap after
Heap after GC invocations=23 (full 1):
 PSYoungGen      total 613888K, used 11608K [0x00000000d7000000, 0x00000000ff880000, 0x0000000100000000)
  eden space 573952K, 0% used [0x00000000d7000000,0x00000000d7000000,0x00000000fa080000)
  from space 39936K, 29% used [0x00000000fd180000,0x00000000fdcd6268,0x00000000ff880000)
  to   space 45056K, 0% used [0x00000000fa080000,0x00000000fa080000,0x00000000fcc80000)
 ParOldGen       total 225792K, used 153748K [0x0000000085000000, 0x0000000092c80000, 0x00000000d7000000)
  object space 225792K, 68% used [0x0000000085000000,0x000000008e6251e0,0x0000000092c80000)
 Metaspace       used 21599K, capacity 21930K, committed 22400K, reserved 1069056K
  class space    used 2259K, capacity 2329K, committed 2432K, reserved 1048576K
}

