# JRE version: OpenJDK Runtime Environment (8.0_45-b14) (build 1.8.0_45-b14)
# Java VM: OpenJDK 64-Bit Server VM (25.45-b02 mixed mode linux-amd64 compressed oops)
Heap:
 PSYoungGen      total 144384K, used 126523K [0x00000000d7000000, 0x00000000f1800000, 0x0000000100000000)
  eden space 126976K, 99% used [0x00000000d7000000,0x00000000deb8ed80,0x00000000dec00000)
  from space 17408K, 0% used [0x00000000dec00000,0x00000000dec00000,0x00000000dfd00000)
  to   space 90112K, 0% used [0x00000000ec000000,0x00000000ec000000,0x00000000f1800000)
 ParOldGen       total 229888K, used 106098K [0x0000000085000000, 0x0000000093080000, 0x00000000d7000000)
  object space 229888K, 46% used [0x0000000085000000,0x000000008b79caf0,0x0000000093080000)
 Metaspace       used 21649K, capacity 22052K, committed 22272K, reserved 1069056K
  class space    used 2385K, capacity 2476K, committed 2560K, reserved 1048576K
GC Heap History (10 events):
Event: 1,712 GC heap before
{Heap before GC invocations=4 (full 0):
 PSYoungGen      total 36864K, used 36864K [0x00000000d7000000, 0x00000000db800000, 0x0000000100000000)
  eden space 31744K, 100% used [0x00000000d7000000,0x00000000d8f00000,0x00000000d8f00000)
  from space 5120K, 100% used [0x00000000d8f00000,0x00000000d9400000,0x00000000d9400000)
  to   space 5120K, 0% used [0x00000000db300000,0x00000000db300000,0x00000000db800000)
 ParOldGen       total 84992K, used 19076K [0x0000000085000000, 0x000000008a300000, 0x00000000d7000000)
  object space 84992K, 22% used [0x0000000085000000,0x00000000862a10d8,0x000000008a300000)
 Metaspace       used 8382K, capacity 8672K, committed 8960K, reserved 1056768K
  class space    used 861K, capacity 954K, committed 1024K, reserved 1048576K
Event: 1,728 GC heap after
Heap after GC invocations=4 (full 0):
 PSYoungGen      total 68608K, used 5120K [0x00000000d7000000, 0x00000000db800000, 0x0000000100000000)
  eden space 63488K, 0% used [0x00000000d7000000,0x00000000d7000000,0x00000000dae00000)
  from space 5120K, 100% used [0x00000000db300000,0x00000000db800000,0x00000000db800000)
  to   space 5120K, 0% used [0x00000000dae00000,0x00000000dae00000,0x00000000db300000)
 ParOldGen       total 84992K, used 25028K [0x0000000085000000, 0x000000008a300000, 0x00000000d7000000)
  object space 84992K, 29% used [0x0000000085000000,0x00000000868710d8,0x000000008a300000)
 Metaspace       used 8382K, capacity 8672K, committed 8960K, reserved 1056768K
  class space    used 861K, capacity 954K, committed 1024K, reserved 1048576K
}
Event: 2,174 GC heap before
{Heap before GC invocations=5 (full 0):
 PSYoungGen      total 68608K, used 68608K [0x00000000d7000000, 0x00000000db800000, 0x0000000100000000)
  eden space 63488K, 100% used [0x00000000d7000000,0x00000000dae00000,0x00000000dae00000)
  from space 5120K, 100% used [0x00000000db300000,0x00000000db800000,0x00000000db800000)
  to   space 5120K, 0% used [0x00000000dae00000,0x00000000dae00000,0x00000000db300000)
 ParOldGen       total 84992K, used 25028K [0x0000000085000000, 0x000000008a300000, 0x00000000d7000000)
  object space 84992K, 29% used [0x0000000085000000,0x00000000868710d8,0x000000008a300000)
 Metaspace       used 8383K, capacity 8672K, committed 8960K, reserved 1056768K
  class space    used 861K, capacity 954K, committed 1024K, reserved 1048576K
Event: 2,194 GC heap after
Heap after GC invocations=5 (full 0):
 PSYoungGen      total 68608K, used 5120K [0x00000000d7000000, 0x00000000e0f00000, 0x0000000100000000)
  eden space 63488K, 0% used [0x00000000d7000000,0x00000000d7000000,0x00000000dae00000)
  from space 5120K, 100% used [0x00000000dae00000,0x00000000db300000,0x00000000db300000)
  to   space 17920K, 0% used [0x00000000dfd80000,0x00000000dfd80000,0x00000000e0f00000)
 ParOldGen       total 84992K, used 34164K [0x0000000085000000, 0x000000008a300000, 0x00000000d7000000)
  object space 84992K, 40% used [0x0000000085000000,0x000000008715d0d8,0x000000008a300000)
 Metaspace       used 8383K, capacity 8672K, committed 8960K, reserved 1056768K
  class space    used 861K, capacity 954K, committed 1024K, reserved 1048576K
}
Event: 3,392 GC heap before
{Heap before GC invocations=6 (full 0):
 PSYoungGen      total 68608K, used 68608K [0x00000000d7000000, 0x00000000e0f00000, 0x0000000100000000)
  eden space 63488K, 100% used [0x00000000d7000000,0x00000000dae00000,0x00000000dae00000)
  from space 5120K, 100% used [0x00000000dae00000,0x00000000db300000,0x00000000db300000)
  to   space 17920K, 0% used [0x00000000dfd80000,0x00000000dfd80000,0x00000000e0f00000)
 ParOldGen       total 84992K, used 34164K [0x0000000085000000, 0x000000008a300000, 0x00000000d7000000)
  object space 84992K, 40% used [0x0000000085000000,0x000000008715d0d8,0x000000008a300000)
 Metaspace       used 17372K, capacity 17780K, committed 18048K, reserved 1064960K
  class space    used 1981K, capacity 2082K, committed 2176K, reserved 1048576K
Event: 3,411 GC heap after
Heap after GC invocations=6 (full 0):
 PSYoungGen      total 143872K, used 12504K [0x00000000d7000000, 0x00000000e0e00000, 0x0000000100000000)
  eden space 126976K, 0% used [0x00000000d7000000,0x00000000d7000000,0x00000000dec00000)
  from space 16896K, 74% used [0x00000000dfd80000,0x00000000e09b6048,0x00000000e0e00000)
  to   space 17408K, 0% used [0x00000000dec00000,0x00000000dec00000,0x00000000dfd00000)
 ParOldGen       total 84992K, used 34172K [0x0000000085000000, 0x000000008a300000, 0x00000000d7000000)
  object space 84992K, 40% used [0x0000000085000000,0x000000008715f0d8,0x000000008a300000)
 Metaspace       used 17372K, capacity 17780K, committed 18048K, reserved 1064960K
  class space    used 1981K, capacity 2082K, committed 2176K, reserved 1048576K
}
Event: 4,431 GC heap before
{Heap before GC invocations=7 (full 0):
 PSYoungGen      total 143872K, used 139480K [0x00000000d7000000, 0x00000000e0e00000, 0x0000000100000000)
  eden space 126976K, 100% used [0x00000000d7000000,0x00000000dec00000,0x00000000dec00000)
  from space 16896K, 74% used [0x00000000dfd80000,0x00000000e09b6048,0x00000000e0e00000)
  to   space 17408K, 0% used [0x00000000dec00000,0x00000000dec00000,0x00000000dfd00000)
 ParOldGen       total 84992K, used 34172K [0x0000000085000000, 0x000000008a300000, 0x00000000d7000000)
  object space 84992K, 40% used [0x0000000085000000,0x000000008715f0d8,0x000000008a300000)
 Metaspace       used 19911K, capacity 20244K, committed 20608K, reserved 1067008K
  class space    used 2230K, capacity 2306K, committed 2432K, reserved 1048576K
Event: 4,494 GC heap after
Heap after GC invocations=7 (full 0):
 PSYoungGen      total 144384K, used 17379K [0x00000000d7000000, 0x00000000f1800000, 0x0000000100000000)
  eden space 126976K, 0% used [0x00000000d7000000,0x00000000d7000000,0x00000000dec00000)
  from space 17408K, 99% used [0x00000000dec00000,0x00000000dfcf8fe0,0x00000000dfd00000)
  to   space 90112K, 0% used [0x00000000ec000000,0x00000000ec000000,0x00000000f1800000)
 ParOldGen       total 214016K, used 175625K [0x0000000085000000, 0x0000000092100000, 0x00000000d7000000)
  object space 214016K, 82% used [0x0000000085000000,0x000000008fb827d8,0x0000000092100000)
 Metaspace       used 19911K, capacity 20244K, committed 20608K, reserved 1067008K
  class space    used 2230K, capacity 2306K, committed 2432K, reserved 1048576K
}
Event: 4,494 GC heap before
{Heap before GC invocations=8 (full 1):
 PSYoungGen      total 144384K, used 17379K [0x00000000d7000000, 0x00000000f1800000, 0x0000000100000000)
  eden space 126976K, 0% used [0x00000000d7000000,0x00000000d7000000,0x00000000dec00000)
  from space 17408K, 99% used [0x00000000dec00000,0x00000000dfcf8fe0,0x00000000dfd00000)
  to   space 90112K, 0% used [0x00000000ec000000,0x00000000ec000000,0x00000000f1800000)
 ParOldGen       total 214016K, used 175625K [0x0000000085000000, 0x0000000092100000, 0x00000000d7000000)
  object space 214016K, 82% used [0x0000000085000000,0x000000008fb827d8,0x0000000092100000)
 Metaspace       used 19911K, capacity 20244K, committed 20608K, reserved 1067008K
  class space    used 2230K, capacity 2306K, committed 2432K, reserved 1048576K
Event: 4,604 GC heap after
Heap after GC invocations=8 (full 1):
 PSYoungGen      total 144384K, used 0K [0x00000000d7000000, 0x00000000f1800000, 0x0000000100000000)
  eden space 126976K, 0% used [0x00000000d7000000,0x00000000d7000000,0x00000000dec00000)
  from space 17408K, 0% used [0x00000000dec00000,0x00000000dec00000,0x00000000dfd00000)
  to   space 90112K, 0% used [0x00000000ec000000,0x00000000ec000000,0x00000000f1800000)
 ParOldGen       total 229888K, used 106098K [0x0000000085000000, 0x0000000093080000, 0x00000000d7000000)
  object space 229888K, 46% used [0x0000000085000000,0x000000008b79caf0,0x0000000093080000)
 Metaspace       used 19911K, capacity 20244K, committed 20608K, reserved 1067008K
  class space    used 2230K, capacity 2306K, committed 2432K, reserved 1048576K
}

